Started by user unknown or anonymous
Building remotely on [8mha:////4KrBnSAYY12HSxeVbR7+GKP9l8clcl7wx7zI6M3ki63jAAAAnR+LCAAAAAAAAP9b85aBtbiIQTGjNKU4P08vOT+vOD8nVc83PyU1x6OyILUoJzMv2y+/JJUBAhiZGBgqihhk0NSjKDWzXb3RdlLBUSYGJk8GtpzUvPSSDB8G5tKinBIGIZ+sxLJE/ZzEvHT94JKizLx0a6BxUmjGOUNodHsLgAwOoBn6yfm5BaUlqUX6QR6uPuZhvoYAgsKJ/McAAAA=[0mRHEL7VM1 (node1) in workspace /usr/var/lib/workspace/COMPILE
 > git rev-parse --is-inside-work-tree # timeout=10
Fetching changes from the remote Git repository
 > git config remote.origin.url https://github.com/gazanfarali/checkstyle.git # timeout=10
Fetching upstream changes from https://github.com/gazanfarali/checkstyle.git
 > git --version # timeout=10
 > git fetch --tags --progress https://github.com/gazanfarali/checkstyle.git +refs/heads/*:refs/remotes/origin/*
 > git rev-parse refs/remotes/origin/master^{commit} # timeout=10
 > git rev-parse refs/remotes/origin/origin/master^{commit} # timeout=10
Checking out Revision d3497c362d708d91099d09862206f3b089501802 (refs/remotes/origin/master)
 > git config core.sparsecheckout # timeout=10
 > git checkout -f d3497c362d708d91099d09862206f3b089501802
Commit message: "updating version"
 > git rev-list --no-walk d3497c362d708d91099d09862206f3b089501802 # timeout=10
[COMPILE] $ /usr/var/lib/tools/hudson.tasks.Maven_MavenInstallation/Maven/bin/mvn compile
[INFO] Scanning for projects...
[INFO] 
[INFO] -------------< com.github.sevntu-checkstyle:maven-project >-------------
[INFO] Building maven-project 0.0.11-SNAPSHOT
[INFO] --------------------------------[ jar ]---------------------------------
[INFO] 
[8mha:////4LZefQ+em4tB8PkZ8yrI+WGAHGm+EsHlUwpBN09KpZEOAAAAYB+LCAAAAAAAAP9b85aBtbiIQSmjNKU4P0+vJLE4u1gvPjexLDVPzxdEGvvmZ+X75ZekLlOVfvTjc8FPJgaGiiIGKaiG5Py84vycVD1nCA1SyAABjCCFBQCV27OjYAAAAA==[0m[INFO] --- maven-resources-plugin:2.6:resources (default-resources) @ maven-project ---
[INFO] Using 'UTF-8' encoding to copy filtered resources.
[INFO] skip non existing resourceDirectory /usr/var/lib/workspace/COMPILE/src/main/resources
[INFO] 
[8mha:////4LZefQ+em4tB8PkZ8yrI+WGAHGm+EsHlUwpBN09KpZEOAAAAYB+LCAAAAAAAAP9b85aBtbiIQSmjNKU4P0+vJLE4u1gvPjexLDVPzxdEGvvmZ+X75ZekLlOVfvTjc8FPJgaGiiIGKaiG5Py84vycVD1nCA1SyAABjCCFBQCV27OjYAAAAA==[0m[INFO] --- maven-compiler-plugin:3.1:compile (default-compile) @ maven-project ---
[INFO] Nothing to compile - all classes are up to date
[INFO] ------------------------------------------------------------------------
[INFO] BUILD SUCCESS
[INFO] ------------------------------------------------------------------------
[INFO] Total time: 1.560 s
[INFO] Finished at: 2018-09-27T15:11:00+01:00
[INFO] ------------------------------------------------------------------------
------------------------------------------------------------------------
SONAR ANALYSIS FAILED
------------------------------------------------------------------------
FATAL: SonarQube Scanner executable was not found for sonar
ERROR: SonarQube Scanner executable was not found for sonar
Finished: FAILURE
