Started by user [8mha:////4OD/2IlYJed6ZKnhCQqgWBvr0gMCmUem8ZcaHKZD8OncAAAAmB+LCAAAAAAAAP9b85aBtbiIQTGjNKU4P08vOT+vOD8nVc83PyU1x6OyILUoJzMv2y+/JJUBAhiZGBgqihhk0NSjKDWzXb3RdlLBUSYGJk8GtpzUvPSSDB8G5tKinBIGIZ+sxLJE/ZzEvHT94JKizLx0a6BxUmjGOUNodHsLgAzBEgYe/dLi1CL9tMTM4sQcAFmm52jBAAAA[0msyed gazanfar ali
Running as SYSTEM
Building remotely on [8mha:////4JD5Ta2O/EONN+NMo5qvrwxkocojkb6ppJ8XRfwtsFuyAAAArB+LCAAAAAAAAP9b85aBtbiIQTGjNKU4P08vOT+vOD8nVc83PyU1x6OyILUoJzMv2y+/JJUBAhiZGBgqihhk0NSjKDWzXb3RdlLBUSYGJk8GtpzUvPSSDB8G5tKinBIGIZ+sxLJE/ZzEvHT94JKizLx0a6BxUmjGOUNodHsLgAzxEgZF/eT83ILSktQi/SAPV594x7zizKSc1HigrpKi/Jyc1CIA832Z8tYAAAA=[0mRHEL_Ansible_Controller (Ansible) in workspace /home/ansible/jenkins/workspace/Ansible for Docker/test_ansible_command_execution_via_jenkins
[WS-CLEANUP] Deleting project workspace...
[WS-CLEANUP] Done
Cloning the remote Git repository
Cloning repository https://github.com/gazanfarali/ansible-module-for-docker.git
 > git init /home/ansible/jenkins/workspace/Ansible for Docker/test_ansible_command_execution_via_jenkins # timeout=10
Fetching upstream changes from https://github.com/gazanfarali/ansible-module-for-docker.git
 > git --version # timeout=10
using GIT_ASKPASS to set credentials git password
 > git fetch --tags --progress https://github.com/gazanfarali/ansible-module-for-docker.git +refs/heads/*:refs/remotes/origin/*
 > git config remote.origin.url https://github.com/gazanfarali/ansible-module-for-docker.git # timeout=10
 > git config --add remote.origin.fetch +refs/heads/*:refs/remotes/origin/* # timeout=10
 > git config remote.origin.url https://github.com/gazanfarali/ansible-module-for-docker.git # timeout=10
Fetching upstream changes from https://github.com/gazanfarali/ansible-module-for-docker.git
using GIT_ASKPASS to set credentials git password
 > git fetch --tags --progress https://github.com/gazanfarali/ansible-module-for-docker.git +refs/heads/*:refs/remotes/origin/*
 > git rev-parse origin/feature-test-feature-builds^{commit} # timeout=10
Checking out Revision 0c194367e385dbe65c737cf973d65f3226fbe1b6 (origin/feature-test-feature-builds)
 > git config core.sparsecheckout # timeout=10
 > git checkout -f 0c194367e385dbe65c737cf973d65f3226fbe1b6
Commit message: "removing indentation"
 > git rev-list --no-walk ab4a685fd5741ee3e018d2e72870c0cdbd8d3e4f # timeout=10
[test_ansible_command_execution_via_jenkins] $ sshpass ******** /usr/bin/ansible-playbook test.yml -f 5 -u ansible -k
[WARNING]: provided hosts list is empty, only localhost is available. Note that
the implicit localhost does not match 'all'
ERROR! We were unable to read either as JSON nor YAML, these are the errors we got from each:
JSON: Expecting value: line 1 column 1 (char 0)

Syntax Error while loading YAML.
  mapping values are not allowed in this context

The error appears to be in '/home/ansible/jenkins/workspace/Ansible for Docker/test_ansible_command_execution_via_jenkins/test.yml': line 7, column 14, but may
be elsewhere in the file depending on the exact syntax problem.

The offending line appears to be:

    -name: Execute uptime command
      command: timedatectl
             ^ here
FATAL: command execution failed
hudson.AbortException: Ansible playbook execution failed
	at org.jenkinsci.plugins.ansible.AnsiblePlaybookBuilder.perform(AnsiblePlaybookBuilder.java:262)
	at org.jenkinsci.plugins.ansible.AnsiblePlaybookBuilder.perform(AnsiblePlaybookBuilder.java:232)
	at jenkins.tasks.SimpleBuildStep.perform(SimpleBuildStep.java:112)
	at hudson.tasks.BuildStepCompatibilityLayer.perform(BuildStepCompatibilityLayer.java:78)
	at hudson.tasks.BuildStepMonitor$1.perform(BuildStepMonitor.java:20)
	at hudson.model.AbstractBuild$AbstractBuildExecution.perform(AbstractBuild.java:741)
	at hudson.model.Build$BuildExecution.build(Build.java:206)
	at hudson.model.Build$BuildExecution.doRun(Build.java:163)
	at hudson.model.AbstractBuild$AbstractBuildExecution.run(AbstractBuild.java:504)
	at hudson.model.Run.execute(Run.java:1880)
	at hudson.model.FreeStyleBuild.run(FreeStyleBuild.java:43)
	at hudson.model.ResourceController.execute(ResourceController.java:97)
	at hudson.model.Executor.run(Executor.java:428)
ERROR: Ansible playbook execution failed
Finished: FAILURE
